2026-04-01T08:23:12+00:00 DEBUG #5849 - [New Request] GET /wp-admin/admin.php
2026-04-01T08:23:12+00:00 DEBUG #5849 - GET https://api.woocommerce.com/integrations/ppc/v1/customer/partners/K8SKZ36LQBWXJ/merchant-integrations/
Response: Array
(
    [code] => 404
    [message] => Not Found
)

Response Body: {"statusCode":404,"error":"Not Found","message":"Not Found"}

2026-04-01T08:23:12+00:00 WARNING #5849 - [Error] Not Found CONTEXT: {"args":{"method":"GET","headers":{"Authorization":"Bearer token","Content-Type":"application/json"}},"response":{"headers":{},"body":"{"statusCode":404,"error":"Not Found","message":"Not Found"}","response":{"code":404,"message":"Not Found"},"cookies":[],"filename":null,"http_response":{"data":null,"headers":null,"status":null}}}
2026-04-01T08:23:17+00:00 DEBUG #4451 - [New Request] GET /wp-json/wc/v3/wc_paypal/webhooks
2026-04-01T08:23:17+00:00 DEBUG #4451 - GET https://api.woocommerce.com/integrations/ppc/v1/notifications/webhooks
Response: Array
(
    [code] => 404
    [message] => Not Found
)

Response Body: {"statusCode":404,"error":"Not Found","message":"Not Found"}

2026-04-01T08:23:19+00:00 DEBUG #2510 - [New Request] POST /wp-json/wc/v3/wc_paypal/login_link
2026-04-01T08:23:19+00:00 DEBUG #2510 - Loaded onboarding URL from cache: production-advanced_vaulting-express_checkout-
2026-04-01T08:23:19+00:00 INFO #2510 - Using cached onboarding URL for: production-advanced_vaulting-express_checkout-
2026-04-01T08:46:00+00:00 DEBUG #8310 - [New Request] GET /wp-admin/plugins.php
2026-04-01T08:46:00+00:00 DEBUG #8310 - Webhook lock acquired for 'unregister'.
2026-04-01T08:46:00+00:00 DEBUG #8310 - Webhook operation 'unregister' started.
2026-04-01T08:46:01+00:00 DEBUG #8310 - GET https://api.woocommerce.com/integrations/ppc/v1/notifications/webhooks
Response: Array
(
    [code] => 404
    [message] => Not Found
)

Response Body: {"statusCode":404,"error":"Not Found","message":"Not Found"}

2026-04-01T08:46:01+00:00 ERROR #8310 - Failed to delete webhooks: [Error] Not Found
2026-04-01T08:46:01+00:00 INFO #8310 - Webhooks deleted.
2026-04-01T08:46:01+00:00 DEBUG #8310 - Webhook lock released for 'unregister'.
